[DEBUG][qinjiang20-09-06][org.apache.ibatis.logging.LogFactory]Logging initialized using 'class org.apache.ibatis.logging.log4j.Log4jImpl' adapter.
[DEBUG][qinjiang20-09-06][org.apache.ibatis.logging.LogFactory]Logging initialized using 'class org.apache.ibatis.logging.log4j.Log4jImpl' adapter.
[DEBUG][qinjiang20-09-06][org.apache.ibatis.datasource.pooled.PooledDataSource]PooledDataSource forcefully closed/removed all connections.
[DEBUG][qinjiang20-09-06][org.apache.ibatis.datasource.pooled.PooledDataSource]PooledDataSource forcefully closed/removed all connections.
[DEBUG][qinjiang20-09-06][org.apache.ibatis.datasource.pooled.PooledDataSource]PooledDataSource forcefully closed/removed all connections.
[DEBUG][qinjiang20-09-06][org.apache.ibatis.datasource.pooled.PooledDataSource]PooledDataSource forcefully closed/removed all connections.
[DEBUG][qinjiang20-09-06][org.apache.ibatis.logging.LogFactory]Logging initialized using 'class org.apache.ibatis.logging.log4j.Log4jImpl' adapter.
[DEBUG][qinjiang20-09-06][org.apache.ibatis.logging.LogFactory]Logging initialized using 'class org.apache.ibatis.logging.log4j.Log4jImpl' adapter.
[DEBUG][qinjiang20-09-06][org.apache.ibatis.datasource.pooled.PooledDataSource]PooledDataSource forcefully closed/removed all connections.
[DEBUG][qinjiang20-09-06][org.apache.ibatis.datasource.pooled.PooledDataSource]PooledDataSource forcefully closed/removed all connections.
[DEBUG][qinjiang20-09-06][org.apache.ibatis.datasource.pooled.PooledDataSource]PooledDataSource forcefully closed/removed all connections.
[DEBUG][qinjiang20-09-06][org.apache.ibatis.datasource.pooled.PooledDataSource]PooledDataSource forcefully closed/removed all connections.
[DEBUG][qinjiang20-09-06][org.apache.ibatis.transaction.jdbc.JdbcTransaction]Opening JDBC Connection
[DEBUG][qinjiang20-09-06][org.apache.ibatis.datasource.pooled.PooledDataSource]Created connection 1979787155.
[DEBUG][qinjiang20-09-06][org.apache.ibatis.transaction.jdbc.JdbcTransaction]Setting autocommit to false on JDBC Connection [com.mysql.jdbc.JDBC4Connection@76012793]
[DEBUG][qinjiang20-09-06][com.kayson.dao.UserMapper.getUserbyLimit]==>  Preparing: select * from mybatis.user limit ?,?
[DEBUG][qinjiang20-09-06][com.kayson.dao.UserMapper.getUserbyLimit]==> Parameters: 0(Integer), 2(Integer)
[DEBUG][qinjiang20-09-06][com.kayson.dao.UserMapper.getUserbyLimit]<==      Total: 2
[DEBUG][qinjiang20-09-06][org.apache.ibatis.transaction.jdbc.JdbcTransaction]Resetting autocommit to true on JDBC Connection [com.mysql.jdbc.JDBC4Connection@76012793]
[DEBUG][qinjiang20-09-06][org.apache.ibatis.transaction.jdbc.JdbcTransaction]Closing JDBC Connection [com.mysql.jdbc.JDBC4Connection@76012793]
[DEBUG][qinjiang20-09-06][org.apache.ibatis.datasource.pooled.PooledDataSource]Returned connection 1979787155 to pool.
